[2025-10-07T08:04:44.105+0000] {manager.py:483} INFO - Processing files using up to 2 processes at a time 
[2025-10-07T08:04:44.127+0000] {manager.py:484} INFO - Process each file at most once every 30 seconds
[2025-10-07T08:04:44.127+0000] {manager.py:486} INFO - Checking for new files in /opt/airflow/dags every 300 seconds
[2025-10-07T08:04:44.128+0000] {manager.py:726} INFO - Searching for files in /opt/airflow/dags
[2025-10-07T08:04:44.133+0000] {manager.py:729} INFO - There are 0 files in /opt/airflow/dags
[2025-10-07T08:09:44.202+0000] {manager.py:726} INFO - Searching for files in /opt/airflow/dags
[2025-10-07T08:09:44.212+0000] {manager.py:729} INFO - There are 0 files in /opt/airflow/dags
[2025-10-07T08:14:44.496+0000] {manager.py:726} INFO - Searching for files in /opt/airflow/dags
[2025-10-07T08:14:44.504+0000] {manager.py:729} INFO - There are 0 files in /opt/airflow/dags
[2025-10-07T08:19:44.983+0000] {manager.py:726} INFO - Searching for files in /opt/airflow/dags
[2025-10-07T08:19:44.992+0000] {manager.py:729} INFO - There are 0 files in /opt/airflow/dags
[2025-10-07T08:24:45.503+0000] {manager.py:726} INFO - Searching for files in /opt/airflow/dags
[2025-10-07T08:24:45.513+0000] {manager.py:729} INFO - There are 0 files in /opt/airflow/dags
[2025-10-07T08:29:46.055+0000] {manager.py:726} INFO - Searching for files in /opt/airflow/dags
[2025-10-07T08:29:46.069+0000] {manager.py:729} INFO - There are 0 files in /opt/airflow/dags
[2025-10-07T08:49:47.865+0000] {manager.py:726} INFO - Searching for files in /opt/airflow/dags
[2025-10-07T08:49:48.307+0000] {manager.py:729} INFO - There are 0 files in /opt/airflow/dags
[2025-10-07T08:52:37.970+0000] {manager.py:465} INFO - Exiting gracefully upon receiving signal 15
[2025-10-07T15:20:50.170+0000] {manager.py:483} INFO - Processing files using up to 2 processes at a time 
[2025-10-07T15:20:50.181+0000] {manager.py:484} INFO - Process each file at most once every 30 seconds
[2025-10-07T15:20:50.185+0000] {manager.py:486} INFO - Checking for new files in /opt/airflow/dags every 300 seconds
[2025-10-07T15:20:50.192+0000] {manager.py:726} INFO - Searching for files in /opt/airflow/dags
[2025-10-07T15:20:50.213+0000] {manager.py:729} INFO - There are 0 files in /opt/airflow/dags
[2025-10-07T15:25:50.783+0000] {manager.py:726} INFO - Searching for files in /opt/airflow/dags
[2025-10-07T15:25:50.793+0000] {manager.py:729} INFO - There are 0 files in /opt/airflow/dags
[2025-10-07T15:30:51.107+0000] {manager.py:726} INFO - Searching for files in /opt/airflow/dags
[2025-10-07T15:30:51.123+0000] {manager.py:729} INFO - There are 0 files in /opt/airflow/dags
[2025-10-07T15:35:51.710+0000] {manager.py:726} INFO - Searching for files in /opt/airflow/dags
[2025-10-07T15:35:51.725+0000] {manager.py:729} INFO - There are 0 files in /opt/airflow/dags
[2025-10-07T16:01:36.397+0000] {manager.py:726} INFO - Searching for files in /opt/airflow/dags
[2025-10-07T16:01:36.917+0000] {manager.py:729} INFO - There are 0 files in /opt/airflow/dags
[2025-10-07T16:06:36.815+0000] {manager.py:726} INFO - Searching for files in /opt/airflow/dags
[2025-10-07T16:06:36.824+0000] {manager.py:729} INFO - There are 0 files in /opt/airflow/dags
[2025-10-07T16:11:37.172+0000] {manager.py:726} INFO - Searching for files in /opt/airflow/dags
[2025-10-07T16:11:37.184+0000] {manager.py:729} INFO - There are 0 files in /opt/airflow/dags
[2025-10-07T16:12:09.577+0000] {manager.py:465} INFO - Exiting gracefully upon receiving signal 15
