[2025-10-09T04:48:58.101+0000] {taskinstance.py:1087} INFO - Dependencies all met for <TaskInstance: product_generator.load_products scheduled__2025-10-03T00:00:00+00:00 [queued]>
[2025-10-09T04:48:58.116+0000] {taskinstance.py:1087} INFO - Dependencies all met for <TaskInstance: product_generator.load_products scheduled__2025-10-03T00:00:00+00:00 [queued]>
[2025-10-09T04:48:58.117+0000] {taskinstance.py:1283} INFO - 
--------------------------------------------------------------------------------
[2025-10-09T04:48:58.117+0000] {taskinstance.py:1284} INFO - Starting attempt 2 of 2
[2025-10-09T04:48:58.118+0000] {taskinstance.py:1285} INFO - 
--------------------------------------------------------------------------------
[2025-10-09T04:48:58.227+0000] {taskinstance.py:1304} INFO - Executing <Task(PythonOperator): load_products> on 2025-10-03 00:00:00+00:00
[2025-10-09T04:48:58.241+0000] {standard_task_runner.py:55} INFO - Started process 1972 to run task
[2025-10-09T04:48:58.247+0000] {standard_task_runner.py:82} INFO - Running: ['airflow', 'tasks', 'run', 'product_generator', 'load_products', 'scheduled__2025-10-03T00:00:00+00:00', '--job-id', '22', '--raw', '--subdir', 'DAGS_FOLDER/product_loader_dag.py', '--cfg-path', '/tmp/tmp26gegidd']
[2025-10-09T04:48:58.250+0000] {standard_task_runner.py:83} INFO - Job 22: Subtask load_products
[2025-10-09T04:48:58.381+0000] {task_command.py:389} INFO - Running <TaskInstance: product_generator.load_products scheduled__2025-10-03T00:00:00+00:00 [running]> on host 81fbc710bbce
[2025-10-09T04:48:58.523+0000] {taskinstance.py:1513} INFO - Exporting the following env vars:
AIRFLOW_CTX_DAG_OWNER=airflow
AIRFLOW_CTX_DAG_ID=product_generator
AIRFLOW_CTX_TASK_ID=load_products
AIRFLOW_CTX_EXECUTION_DATE=2025-10-03T00:00:00+00:00
AIRFLOW_CTX_TRY_NUMBER=2
AIRFLOW_CTX_DAG_RUN_ID=scheduled__2025-10-03T00:00:00+00:00
[2025-10-09T04:48:58.625+0000] {logging_mixin.py:137} INFO - Successfully loaded data to products
[2025-10-09T04:48:58.626+0000] {python.py:177} INFO - Done. Returned value was: None
[2025-10-09T04:48:58.898+0000] {taskinstance.py:1327} INFO - Marking task as SUCCESS. dag_id=product_generator, task_id=load_products, execution_date=20251003T000000, start_date=20251009T044858, end_date=20251009T044858
[2025-10-09T04:48:58.952+0000] {local_task_job.py:159} INFO - Task exited with return code 0
[2025-10-09T04:48:58.983+0000] {taskinstance.py:2582} INFO - 0 downstream tasks scheduled from follow-on schedule check
