[2025-10-09T04:50:43.948+0000] {taskinstance.py:1087} INFO - Dependencies all met for <TaskInstance: order_generator.load_orders scheduled__2025-10-04T03:00:00+00:00 [queued]>
[2025-10-09T04:50:43.963+0000] {taskinstance.py:1087} INFO - Dependencies all met for <TaskInstance: order_generator.load_orders scheduled__2025-10-04T03:00:00+00:00 [queued]>
[2025-10-09T04:50:43.964+0000] {taskinstance.py:1283} INFO - 
--------------------------------------------------------------------------------
[2025-10-09T04:50:43.965+0000] {taskinstance.py:1284} INFO - Starting attempt 1 of 2
[2025-10-09T04:50:43.967+0000] {taskinstance.py:1285} INFO - 
--------------------------------------------------------------------------------
[2025-10-09T04:50:44.067+0000] {taskinstance.py:1304} INFO - Executing <Task(PythonOperator): load_orders> on 2025-10-04 03:00:00+00:00
[2025-10-09T04:50:44.075+0000] {standard_task_runner.py:55} INFO - Started process 2147 to run task
[2025-10-09T04:50:44.079+0000] {standard_task_runner.py:82} INFO - Running: ['airflow', 'tasks', 'run', 'order_generator', 'load_orders', 'scheduled__2025-10-04T03:00:00+00:00', '--job-id', '36', '--raw', '--subdir', 'DAGS_FOLDER/order_loader_dag.py', '--cfg-path', '/tmp/tmphjlx3ilv']
[2025-10-09T04:50:44.082+0000] {standard_task_runner.py:83} INFO - Job 36: Subtask load_orders
[2025-10-09T04:50:44.206+0000] {task_command.py:389} INFO - Running <TaskInstance: order_generator.load_orders scheduled__2025-10-04T03:00:00+00:00 [running]> on host 81fbc710bbce
[2025-10-09T04:50:44.345+0000] {taskinstance.py:1513} INFO - Exporting the following env vars:
AIRFLOW_CTX_DAG_OWNER=airflow
AIRFLOW_CTX_DAG_ID=order_generator
AIRFLOW_CTX_TASK_ID=load_orders
AIRFLOW_CTX_EXECUTION_DATE=2025-10-04T03:00:00+00:00
AIRFLOW_CTX_TRY_NUMBER=1
AIRFLOW_CTX_DAG_RUN_ID=scheduled__2025-10-04T03:00:00+00:00
[2025-10-09T04:50:44.405+0000] {logging_mixin.py:137} INFO - Successfully loaded data to orders
[2025-10-09T04:50:44.625+0000] {logging_mixin.py:137} INFO - Successfully loaded data to order_items
[2025-10-09T04:50:44.626+0000] {python.py:177} INFO - Done. Returned value was: None
[2025-10-09T04:50:44.642+0000] {taskinstance.py:1327} INFO - Marking task as SUCCESS. dag_id=order_generator, task_id=load_orders, execution_date=20251004T030000, start_date=20251009T045043, end_date=20251009T045044
[2025-10-09T04:50:44.697+0000] {local_task_job.py:159} INFO - Task exited with return code 0
[2025-10-09T04:50:44.796+0000] {taskinstance.py:2582} INFO - 0 downstream tasks scheduled from follow-on schedule check
