[2025-10-09T04:50:51.263+0000] {taskinstance.py:1087} INFO - Dependencies all met for <TaskInstance: order_generator.load_orders scheduled__2025-10-05T01:00:00+00:00 [queued]>
[2025-10-09T04:50:51.277+0000] {taskinstance.py:1087} INFO - Dependencies all met for <TaskInstance: order_generator.load_orders scheduled__2025-10-05T01:00:00+00:00 [queued]>
[2025-10-09T04:50:51.278+0000] {taskinstance.py:1283} INFO - 
--------------------------------------------------------------------------------
[2025-10-09T04:50:51.279+0000] {taskinstance.py:1284} INFO - Starting attempt 1 of 2
[2025-10-09T04:50:51.280+0000] {taskinstance.py:1285} INFO - 
--------------------------------------------------------------------------------
[2025-10-09T04:50:51.299+0000] {taskinstance.py:1304} INFO - Executing <Task(PythonOperator): load_orders> on 2025-10-05 01:00:00+00:00
[2025-10-09T04:50:51.306+0000] {standard_task_runner.py:55} INFO - Started process 2211 to run task
[2025-10-09T04:50:51.310+0000] {standard_task_runner.py:82} INFO - Running: ['airflow', 'tasks', 'run', 'order_generator', 'load_orders', 'scheduled__2025-10-05T01:00:00+00:00', '--job-id', '58', '--raw', '--subdir', 'DAGS_FOLDER/order_loader_dag.py', '--cfg-path', '/tmp/tmp65zp94an']
[2025-10-09T04:50:51.313+0000] {standard_task_runner.py:83} INFO - Job 58: Subtask load_orders
[2025-10-09T04:50:51.418+0000] {task_command.py:389} INFO - Running <TaskInstance: order_generator.load_orders scheduled__2025-10-05T01:00:00+00:00 [running]> on host 81fbc710bbce
[2025-10-09T04:50:51.495+0000] {taskinstance.py:1513} INFO - Exporting the following env vars:
AIRFLOW_CTX_DAG_OWNER=airflow
AIRFLOW_CTX_DAG_ID=order_generator
AIRFLOW_CTX_TASK_ID=load_orders
AIRFLOW_CTX_EXECUTION_DATE=2025-10-05T01:00:00+00:00
AIRFLOW_CTX_TRY_NUMBER=1
AIRFLOW_CTX_DAG_RUN_ID=scheduled__2025-10-05T01:00:00+00:00
[2025-10-09T04:50:51.529+0000] {logging_mixin.py:137} INFO - Successfully loaded data to orders
[2025-10-09T04:50:51.717+0000] {logging_mixin.py:137} INFO - Successfully loaded data to order_items
[2025-10-09T04:50:51.717+0000] {python.py:177} INFO - Done. Returned value was: None
[2025-10-09T04:50:51.727+0000] {taskinstance.py:1327} INFO - Marking task as SUCCESS. dag_id=order_generator, task_id=load_orders, execution_date=20251005T010000, start_date=20251009T045051, end_date=20251009T045051
[2025-10-09T04:50:51.764+0000] {local_task_job.py:159} INFO - Task exited with return code 0
[2025-10-09T04:50:51.800+0000] {taskinstance.py:2582} INFO - 0 downstream tasks scheduled from follow-on schedule check
