[2025-10-09T04:47:26.072+0000] {taskinstance.py:1087} INFO - Dependencies all met for <TaskInstance: product_generator.load_products manual__2025-10-09T04:47:24.486381+00:00 [queued]>
[2025-10-09T04:47:26.094+0000] {taskinstance.py:1087} INFO - Dependencies all met for <TaskInstance: product_generator.load_products manual__2025-10-09T04:47:24.486381+00:00 [queued]>
[2025-10-09T04:47:26.096+0000] {taskinstance.py:1283} INFO - 
--------------------------------------------------------------------------------
[2025-10-09T04:47:26.097+0000] {taskinstance.py:1284} INFO - Starting attempt 1 of 2
[2025-10-09T04:47:26.098+0000] {taskinstance.py:1285} INFO - 
--------------------------------------------------------------------------------
[2025-10-09T04:47:26.116+0000] {taskinstance.py:1304} INFO - Executing <Task(PythonOperator): load_products> on 2025-10-09 04:47:24.486381+00:00
[2025-10-09T04:47:26.121+0000] {standard_task_runner.py:55} INFO - Started process 1836 to run task
[2025-10-09T04:47:26.123+0000] {standard_task_runner.py:82} INFO - Running: ['airflow', 'tasks', 'run', 'product_generator', 'load_products', 'manual__2025-10-09T04:47:24.486381+00:00', '--job-id', '20', '--raw', '--subdir', 'DAGS_FOLDER/product_loader_dag.py', '--cfg-path', '/tmp/tmpwvg6b6jq']
[2025-10-09T04:47:26.126+0000] {standard_task_runner.py:83} INFO - Job 20: Subtask load_products
[2025-10-09T04:47:26.212+0000] {task_command.py:389} INFO - Running <TaskInstance: product_generator.load_products manual__2025-10-09T04:47:24.486381+00:00 [running]> on host 81fbc710bbce
[2025-10-09T04:47:26.286+0000] {taskinstance.py:1513} INFO - Exporting the following env vars:
AIRFLOW_CTX_DAG_OWNER=airflow
AIRFLOW_CTX_DAG_ID=product_generator
AIRFLOW_CTX_TASK_ID=load_products
AIRFLOW_CTX_EXECUTION_DATE=2025-10-09T04:47:24.486381+00:00
AIRFLOW_CTX_TRY_NUMBER=1
AIRFLOW_CTX_DAG_RUN_ID=manual__2025-10-09T04:47:24.486381+00:00
[2025-10-09T04:47:26.336+0000] {logging_mixin.py:137} INFO - Successfully loaded data to products
[2025-10-09T04:47:26.337+0000] {python.py:177} INFO - Done. Returned value was: None
[2025-10-09T04:47:26.481+0000] {taskinstance.py:1327} INFO - Marking task as SUCCESS. dag_id=product_generator, task_id=load_products, execution_date=20251009T044724, start_date=20251009T044726, end_date=20251009T044726
[2025-10-09T04:47:26.538+0000] {local_task_job.py:159} INFO - Task exited with return code 0
[2025-10-09T04:47:26.567+0000] {taskinstance.py:2582} INFO - 0 downstream tasks scheduled from follow-on schedule check
