[2025-10-09T04:50:51.061+0000] {taskinstance.py:1087} INFO - Dependencies all met for <TaskInstance: order_generator.load_orders scheduled__2025-10-04T23:00:00+00:00 [queued]>
[2025-10-09T04:50:51.074+0000] {taskinstance.py:1087} INFO - Dependencies all met for <TaskInstance: order_generator.load_orders scheduled__2025-10-04T23:00:00+00:00 [queued]>
[2025-10-09T04:50:51.075+0000] {taskinstance.py:1283} INFO - 
--------------------------------------------------------------------------------
[2025-10-09T04:50:51.076+0000] {taskinstance.py:1284} INFO - Starting attempt 1 of 2
[2025-10-09T04:50:51.076+0000] {taskinstance.py:1285} INFO - 
--------------------------------------------------------------------------------
[2025-10-09T04:50:51.095+0000] {taskinstance.py:1304} INFO - Executing <Task(PythonOperator): load_orders> on 2025-10-04 23:00:00+00:00
[2025-10-09T04:50:51.104+0000] {standard_task_runner.py:55} INFO - Started process 2209 to run task
[2025-10-09T04:50:51.108+0000] {standard_task_runner.py:82} INFO - Running: ['airflow', 'tasks', 'run', 'order_generator', 'load_orders', 'scheduled__2025-10-04T23:00:00+00:00', '--job-id', '56', '--raw', '--subdir', 'DAGS_FOLDER/order_loader_dag.py', '--cfg-path', '/tmp/tmpmnyqa5g2']
[2025-10-09T04:50:51.111+0000] {standard_task_runner.py:83} INFO - Job 56: Subtask load_orders
[2025-10-09T04:50:51.223+0000] {task_command.py:389} INFO - Running <TaskInstance: order_generator.load_orders scheduled__2025-10-04T23:00:00+00:00 [running]> on host 81fbc710bbce
[2025-10-09T04:50:51.316+0000] {taskinstance.py:1513} INFO - Exporting the following env vars:
AIRFLOW_CTX_DAG_OWNER=airflow
AIRFLOW_CTX_DAG_ID=order_generator
AIRFLOW_CTX_TASK_ID=load_orders
AIRFLOW_CTX_EXECUTION_DATE=2025-10-04T23:00:00+00:00
AIRFLOW_CTX_TRY_NUMBER=1
AIRFLOW_CTX_DAG_RUN_ID=scheduled__2025-10-04T23:00:00+00:00
[2025-10-09T04:50:51.356+0000] {logging_mixin.py:137} INFO - Successfully loaded data to orders
[2025-10-09T04:50:51.541+0000] {logging_mixin.py:137} INFO - Successfully loaded data to order_items
[2025-10-09T04:50:51.542+0000] {python.py:177} INFO - Done. Returned value was: None
[2025-10-09T04:50:51.553+0000] {taskinstance.py:1327} INFO - Marking task as SUCCESS. dag_id=order_generator, task_id=load_orders, execution_date=20251004T230000, start_date=20251009T045051, end_date=20251009T045051
[2025-10-09T04:50:51.601+0000] {local_task_job.py:159} INFO - Task exited with return code 0
[2025-10-09T04:50:51.618+0000] {taskinstance.py:2582} INFO - 0 downstream tasks scheduled from follow-on schedule check
