[2025-10-09T04:50:56.867+0000] {taskinstance.py:1087} INFO - Dependencies all met for <TaskInstance: order_generator.load_orders scheduled__2025-10-05T13:00:00+00:00 [queued]>
[2025-10-09T04:50:56.884+0000] {taskinstance.py:1087} INFO - Dependencies all met for <TaskInstance: order_generator.load_orders scheduled__2025-10-05T13:00:00+00:00 [queued]>
[2025-10-09T04:50:56.917+0000] {taskinstance.py:1283} INFO - 
--------------------------------------------------------------------------------
[2025-10-09T04:50:56.919+0000] {taskinstance.py:1284} INFO - Starting attempt 1 of 2
[2025-10-09T04:50:56.920+0000] {taskinstance.py:1285} INFO - 
--------------------------------------------------------------------------------
[2025-10-09T04:50:56.937+0000] {taskinstance.py:1304} INFO - Executing <Task(PythonOperator): load_orders> on 2025-10-05 13:00:00+00:00
[2025-10-09T04:50:56.947+0000] {standard_task_runner.py:55} INFO - Started process 2247 to run task
[2025-10-09T04:50:56.951+0000] {standard_task_runner.py:82} INFO - Running: ['airflow', 'tasks', 'run', 'order_generator', 'load_orders', 'scheduled__2025-10-05T13:00:00+00:00', '--job-id', '70', '--raw', '--subdir', 'DAGS_FOLDER/order_loader_dag.py', '--cfg-path', '/tmp/tmpr9j12ocb']
[2025-10-09T04:50:56.986+0000] {standard_task_runner.py:83} INFO - Job 70: Subtask load_orders
[2025-10-09T04:50:57.107+0000] {task_command.py:389} INFO - Running <TaskInstance: order_generator.load_orders scheduled__2025-10-05T13:00:00+00:00 [running]> on host 81fbc710bbce
[2025-10-09T04:50:57.191+0000] {taskinstance.py:1513} INFO - Exporting the following env vars:
AIRFLOW_CTX_DAG_OWNER=airflow
AIRFLOW_CTX_DAG_ID=order_generator
AIRFLOW_CTX_TASK_ID=load_orders
AIRFLOW_CTX_EXECUTION_DATE=2025-10-05T13:00:00+00:00
AIRFLOW_CTX_TRY_NUMBER=1
AIRFLOW_CTX_DAG_RUN_ID=scheduled__2025-10-05T13:00:00+00:00
[2025-10-09T04:50:57.228+0000] {logging_mixin.py:137} INFO - Successfully loaded data to orders
[2025-10-09T04:50:57.430+0000] {logging_mixin.py:137} INFO - Successfully loaded data to order_items
[2025-10-09T04:50:57.431+0000] {python.py:177} INFO - Done. Returned value was: None
[2025-10-09T04:50:57.445+0000] {taskinstance.py:1327} INFO - Marking task as SUCCESS. dag_id=order_generator, task_id=load_orders, execution_date=20251005T130000, start_date=20251009T045056, end_date=20251009T045057
[2025-10-09T04:50:57.498+0000] {local_task_job.py:159} INFO - Task exited with return code 0
[2025-10-09T04:50:57.524+0000] {taskinstance.py:2582} INFO - 0 downstream tasks scheduled from follow-on schedule check
